State 6 conflicts: 1 shift/reduce


Grammar

    0 $accept: expr $end

    1 expr: expr OP expr
    2     | NUMBER
    3     | ID


Terminals, with rules where they appear

    $end (0) 0
    error (256)
    NUMBER (258) 2
    ID (259) 3
    OP (260) 1


Nonterminals, with rules where they appear

    $accept (6)
        on left: 0
    expr (7)
        on left: 1 2 3
        on right: 0 1


State 0

    0 $accept: • expr $end

    NUMBER  shift, and go to state 1
    ID      shift, and go to state 2

    expr  go to state 3


State 1

    2 expr: NUMBER •

    $default  reduce using rule 2 (expr)


State 2

    3 expr: ID •

    $default  reduce using rule 3 (expr)


State 3

    0 $accept: expr • $end
    1 expr: expr • OP expr

    $end  shift, and go to state 4
    OP    shift, and go to state 5


State 4

    0 $accept: expr $end •

    $default  accept


State 5

    1 expr: expr OP • expr

    NUMBER  shift, and go to state 1
    ID      shift, and go to state 2

    expr  go to state 6


State 6

    1 expr: expr • OP expr
    1     | expr OP expr •

    OP  shift, and go to state 5

    OP        [reduce using rule 1 (expr)]
    $default  reduce using rule 1 (expr)
